<?xml version="1.0" encoding="UTF-8"?>
<!-- Generated by org.testng.reporters.JUnitReportReporter -->
<testsuite hostname="LIN35006831" failures="0" tests="1" name="com.qa.seleniumeasy.tests.ValidateSimple" time="8.299" errors="0" timestamp="12 Mar 2021 18:38:32 GMT">
  <testcase classname="com.qa.seleniumeasy.tests.ValidateSimple" name="simple" time="8.299"/>
</testsuite> <!-- com.qa.seleniumeasy.tests.ValidateSimple -->
