<?xml version="1.0" encoding="UTF-8"?>
<!-- Generated by org.testng.reporters.JUnitReportReporter -->
<testsuite hostname="LIN35006831" failures="0" tests="1" name="com.qa.seleniumeasy.tests.ValidatePaginations" time="9.295" errors="0" timestamp="12 Mar 2021 20:19:39 GMT">
  <testcase classname="com.qa.seleniumeasy.tests.ValidatePaginations" name="validatePaginations" time="9.295"/>
</testsuite> <!-- com.qa.seleniumeasy.tests.ValidatePaginations -->
