<?xml version="1.0" encoding="UTF-8"?>
<!-- Generated by org.testng.reporters.JUnitReportReporter -->
<testsuite hostname="LIN35006831" failures="1" tests="1" name="com.qa.seleniumeasy.tests.ValidateEnteringValueswithExcel" time="26.515" errors="0" timestamp="26 Mar 2021 07:04:53 GMT">
  <testcase classname="com.qa.seleniumeasy.tests.ValidateEnteringValueswithExcel" name="validateEnteringValue" time="26.515">
    <failure message="Cannot invoke &quot;org.apache.poi.xssf.usermodel.XSSFRow.getCell(int)&quot; because &quot;com.qa.seleniumeasy.utils.ExcelUtil.row&quot; is null" type="java.lang.NullPointerException">
      <![CDATA[java.lang.NullPointerException: Cannot invoke "org.apache.poi.xssf.usermodel.XSSFRow.getCell(int)" because "com.qa.seleniumeasy.utils.ExcelUtil.row" is null
	at com.qa.seleniumeasy.utils.ExcelUtil.getCellData(ExcelUtil.java:27)
	at com.qa.seleniumeasy.pageEvents.InputFormEvents.enterMessage(InputFormEvents.java:30)
	at com.qa.seleniumeasy.tests.ValidateEnteringValueswithExcel.validateEnteringValue(ValidateEnteringValueswithExcel.java:49)
	at java.base/jdk.internal.reflect.NativeMethodAccessorImpl.invoke0(Native Method)
	at java.base/jdk.internal.reflect.NativeMethodAccessorImpl.invoke(NativeMethodAccessorImpl.java:64)
	at java.base/jdk.internal.reflect.DelegatingMethodAccessorImpl.invoke(DelegatingMethodAccessorImpl.java:43)
	at java.base/java.lang.reflect.Method.invoke(Method.java:564)
	at org.testng.internal.MethodInvocationHelper.invokeMethod(MethodInvocationHelper.java:85)
	at org.testng.internal.Invoker.invokeMethod(Invoker.java:696)
	at org.testng.internal.Invoker.retryFailed(Invoker.java:1027)
	at org.testng.internal.Invoker.invokeTestMethods(Invoker.java:1207)
	at org.testng.internal.TestMethodWorker.invokeTestMethods(TestMethodWorker.java:124)
	at org.testng.internal.TestMethodWorker.run(TestMethodWorker.java:108)
	at org.testng.TestRunner.privateRun(TestRunner.java:767)
	at org.testng.TestRunner.run(TestRunner.java:617)
	at org.testng.SuiteRunner.runTest(SuiteRunner.java:348)
	at org.testng.SuiteRunner.access$000(SuiteRunner.java:38)
	at org.testng.SuiteRunner$SuiteWorker.run(SuiteRunner.java:382)
	at org.testng.internal.thread.ThreadUtil$2.call(ThreadUtil.java:64)
	at java.base/java.util.concurrent.FutureTask.run(FutureTask.java:264)
	at java.base/java.util.concurrent.ThreadPoolExecutor.runWorker(ThreadPoolExecutor.java:1130)
	at java.base/java.util.concurrent.ThreadPoolExecutor$Worker.run(ThreadPoolExecutor.java:630)
	at java.base/java.lang.Thread.run(Thread.java:832)
]]>
    </failure>
  </testcase> <!-- validateEnteringValue -->
</testsuite> <!-- com.qa.seleniumeasy.tests.ValidateEnteringValueswithExcel -->
