<?xml version="1.0" encoding="UTF-8"?>
<!-- Generated by org.testng.reporters.JUnitReportReporter -->
<testsuite hostname="LIN35006831" failures="0" tests="1" name="com.qa.seleniumeasy.tests.ValidateDataFetch" time="7.643" errors="0" timestamp="13 Mar 2021 07:08:30 GMT">
  <testcase classname="com.qa.seleniumeasy.tests.ValidateDataFetch" name="validateDataFetch" time="7.643"/>
</testsuite> <!-- com.qa.seleniumeasy.tests.ValidateDataFetch -->
