<?xml version="1.0" encoding="UTF-8"?>
<!-- Generated by org.testng.reporters.JUnitReportReporter -->
<testsuite hostname="LIN35006831" failures="0" tests="1" name="com.qa.seleniumeasy.tests.ValidateSimple" time="61.762" errors="0" timestamp="31 Mar 2021 08:20:25 GMT">
  <testcase classname="com.qa.seleniumeasy.tests.ValidateSimple" name="simple" time="61.762"/>
</testsuite> <!-- com.qa.seleniumeasy.tests.ValidateSimple -->
