<?xml version="1.0" encoding="UTF-8"?>
<!-- Generated by org.testng.reporters.JUnitReportReporter -->
<testsuite hostname="LIN35006831" failures="0" tests="1" name="com.qa.seleniumeasy.tests.ValidateDate" time="25.880" errors="0" timestamp="31 Mar 2021 12:29:52 GMT">
  <testcase classname="com.qa.seleniumeasy.tests.ValidateDate" name="validateDate" time="25.880"/>
</testsuite> <!-- com.qa.seleniumeasy.tests.ValidateDate -->
